[env] python: /data/maoting/miniconda3/envs/dexbench/bin/python
[env] conda: /data/maoting/miniconda3/envs/dexbench
[env] node: master
[env] GPU: NVIDIA RTX 5880 Ada Generation
[maze ] 规划迷宫解 ...
✓ 路径规划成功: 417 个格点 (栅格 274x400, scale=0.413)
[maze ] 路径 417 点 -> 重采样 260; 纹理 664x968
[Info] [carb] Logging to file: /data/maoting/miniconda3/envs/dexbench/lib/python3.11/site-packages/isaacsim/kit/logs/Kit/Isaac-Sim Python/5.1/kit_20260608_011022.log
[0.111s] [ext: omni.kit.async_engine-0.0.3] startup
[0.221s] [ext: omni.metrics.core-0.0.3] startup
[0.222s] [ext: omni.client.lib-1.1.0] startup
[0.241s] [ext: omni.blobkey-1.1.2] startup
[0.242s] [ext: omni.stats-1.0.1] startup
[0.243s] [ext: omni.datastore-0.0.0] startup
[0.253s] [ext: omni.client-1.3.0] startup
[0.258s] [ext: omni.ujitso.default-1.0.0] startup
[0.261s] [ext: omni.hsscclient-1.1.2] startup
[0.266s] [ext: omni.gpu_foundation.shadercache.vulkan-1.0.0] startup
[0.272s] [ext: omni.assets.plugins-0.0.0] startup
[0.274s] [ext: omni.gpu_foundation-0.0.0] startup
[0.286s] [ext: carb.windowing.plugins-1.0.0] startup
2026-06-07T17:10:22Z [258ms] [Warning] [carb.windowing-glfw.plugin] GLFW initialization failed.
2026-06-07T17:10:22Z [258ms] [Warning] [carb] Failed to startup plugin carb.windowing-glfw.plugin (interfaces: [carb::windowing::IGLContext v1.0],[carb::windowing::IWindowing v1.5]) (impl: carb.windowing-glfw.plugin)
[0.288s] [ext: omni.kit.renderer.init-0.0.0] startup
2026-06-07T17:10:22Z [293ms] [Warning] [omni.platforminfo.plugin] failed to open the default display.  Can't verify X Server version.
2026-06-07T17:10:22Z [302ms] [Warning] [carb.cudainterop.plugin] CUDA_VISIBLE_DEVICES environment variable is set.
2026-06-07T17:10:22Z [302ms] [Warning] [carb.cudainterop.plugin] Note CUDA device enumeration and Omniverse device enumeration are different.
2026-06-07T17:10:22Z [302ms] [Warning] [carb.cudainterop.plugin] Setting CUDA_VISIBLE_DEVICES can lead to undesired behavior or crashes.

|---------------------------------------------------------------------------------------------|
| Driver Version: 580.105.08    | Graphics API: Vulkan
|=============================================================================================|
| GPU | Name                             | Active | LDA | GPU Memory | Vendor-ID | LUID       |
|     |                                  |        |     |            | Device-ID | UUID       |
|     |                                  |        |     |            | Bus-ID    |            |
|---------------------------------------------------------------------------------------------|
| 0   | NVIDIA RTX 5880 Ada Generation   | Yes: 0 |     | 49386   MB | 10de      | 0          |
|     |                                  |        |     |            | 26b3      | ded4cd66.. |
|     |                                  |        |     |            | 16        |            |
|=============================================================================================|
| OS: 22.04.5 LTS (Jammy Jellyfish) ubuntu, Version: 22.04.5, Kernel: 6.8.0-106-generic
| Processor: Intel(R) Xeon(R) w7-3455
| Cores: 24 | Logical Cores: 48
|---------------------------------------------------------------------------------------------|
| Total Memory (MB): 257380 | Free Memory: 234111
| Total Page/Swap (MB): 0 | Free Page/Swap: 0
|---------------------------------------------------------------------------------------------|
2026-06-07T17:10:23Z [1,328ms] [Warning] [gpu.foundation.plugin] CPU performance profile is set to powersave. This profile sets the CPU to the lowest frequency reducing performance.
2026-06-07T17:10:23Z [1,338ms] [Warning] [gpu.foundation.plugin] IOMMU is enabled.
[1.697s] [ext: omni.materialx.libs-1.0.7] startup
[1.709s] [ext: omni.kit.telemetry-0.5.2] startup
[1.744s] [ext: omni.usd.config-1.0.6] startup
[1.750s] [ext: omni.gpucompute.plugins-0.0.0] startup
[1.752s] [ext: omni.usd.libs-1.0.1] startup
[1.898s] [ext: omni.kit.loop-isaac-1.3.7] startup
[1.900s] [ext: omni.kit.test-2.0.1] startup
[1.976s] [ext: omni.mdl-56.0.3] startup
[2.009s] [ext: omni.iray.libs-0.0.0] startup
[2.019s] [ext: omni.mdl.neuraylib-0.2.12] startup
[2.022s] [ext: omni.kit.usd.mdl-1.1.5] startup
[2.182s] [ext: omni.kit.pipapi-0.0.0] startup
[2.184s] [ext: omni.appwindow-1.1.10] startup
2026-06-07T17:10:24Z [2,157ms] [Warning] [carb.windowing-glfw.plugin] GLFW initialization failed.
2026-06-07T17:10:24Z [2,157ms] [Warning] [carb] Failed to startup plugin carb.windowing-glfw.plugin (interfaces: [carb::windowing::IGLContext v1.0],[carb::windowing::IWindowing v1.5]) (impl: carb.windowing-glfw.plugin)
[2.189s] [ext: omni.kit.renderer.core-1.1.0] startup
2026-06-07T17:10:24Z [2,180ms] [Warning] [carb.windowing-glfw.plugin] GLFW initialization failed.
2026-06-07T17:10:24Z [2,180ms] [Warning] [carb] Failed to startup plugin carb.windowing-glfw.plugin (interfaces: [carb::windowing::IGLContext v1.0],[carb::windowing::IWindowing v1.5]) (impl: carb.windowing-glfw.plugin)
2026-06-07T17:10:24Z [2,193ms] [Warning] [carb.windowing-glfw.plugin] GLFW initialization failed.
2026-06-07T17:10:24Z [2,193ms] [Warning] [carb] Failed to startup plugin carb.windowing-glfw.plugin (interfaces: [carb::windowing::IGLContext v1.0],[carb::windowing::IWindowing v1.5]) (impl: carb.windowing-glfw.plugin)
[2.224s] [ext: omni.kit.renderer.capture-0.0.0] startup
[2.228s] [ext: omni.kit.renderer.imgui-2.0.5] startup
2026-06-07T17:10:24Z [2,205ms] [Warning] [carb.windowing-glfw.plugin] GLFW initialization failed.
2026-06-07T17:10:24Z [2,205ms] [Warning] [carb] Failed to startup plugin carb.windowing-glfw.plugin (interfaces: [carb::windowing::IGLContext v1.0],[carb::windowing::IWindowing v1.5]) (impl: carb.windowing-glfw.plugin)
2026-06-07T17:10:24Z [2,207ms] [Warning] [carb.windowing-glfw.plugin] GLFW initialization failed.
2026-06-07T17:10:24Z [2,207ms] [Warning] [carb] Failed to startup plugin carb.windowing-glfw.plugin (interfaces: [carb::windowing::IGLContext v1.0],[carb::windowing::IWindowing v1.5]) (impl: carb.windowing-glfw.plugin)
2026-06-07T17:10:24Z [2,209ms] [Warning] [carb.windowing-glfw.plugin] GLFW initialization failed.
2026-06-07T17:10:24Z [2,209ms] [Warning] [carb] Failed to startup plugin carb.windowing-glfw.plugin (interfaces: [carb::windowing::IGLContext v1.0],[carb::windowing::IWindowing v1.5]) (impl: carb.windowing-glfw.plugin)
[2.387s] [ext: omni.ui-2.27.1] startup
[2.406s] [ext: omni.kit.mainwindow-1.0.3] startup
[2.407s] [ext: carb.audio-0.1.0] startup
[2.414s] [ext: omni.uiaudio-1.0.0] startup
[2.416s] [ext: omni.kit.uiapp-0.0.0] startup
[2.416s] [ext: omni.usd.schema.metrics.assembler-107.3.1] startup
[2.421s] [ext: omni.usd.schema.physx-107.3.26] startup
[2.468s] [ext: omni.usd.schema.geospatial-0.0.0] startup
[2.473s] [ext: omni.usd.schema.audio-0.0.0] startup
[2.478s] [ext: omni.usd.schema.anim-0.0.0] startup
[2.510s] [ext: omni.usd.schema.flow-107.1.1] startup
[2.511s] [ext: omni.usd_resolver-1.0.0] startup
[2.518s] [ext: omni.usd.core-1.5.3] startup
[2.522s] [ext: omni.usd.schema.omni_sensors-0.0.0] startup
[2.552s] [ext: omni.usd.schema.semantics-0.0.0] startup
[2.556s] [ext: omni.usd.schema.omniscripting-1.0.0] startup
[2.564s] [ext: omni.usd.schema.omni_lens_distortion-0.0.0] startup
[2.565s] [ext: omni.usd.schema.omnigraph-1.0.0] startup
[2.574s] [ext: omni.kit.window.popup_dialog-2.0.24] startup
[2.579s] [ext: omni.graph.exec-0.9.6] startup
[2.580s] [ext: omni.kit.widget.nucleus_connector-2.0.1] startup
[2.584s] [ext: omni.kit.usd_undo-0.1.8] startup
[2.584s] [ext: omni.kit.exec.core-0.13.4] startup
[2.587s] [ext: omni.kit.actions.core-1.0.0] startup
[2.591s] [ext: omni.resourcemonitor-107.0.1] startup
[2.595s] [ext: omni.activity.core-1.0.3] startup
[2.597s] [ext: omni.timeline-1.0.14] startup
[2.601s] [ext: omni.kit.commands-1.4.10] startup
[2.606s] [ext: usdrt.scenegraph-7.6.1] startup
[2.665s] [ext: omni.kit.audiodeviceenum-1.0.2] startup
[2.668s] [ext: omni.hydra.usdrt_delegate-7.5.1] startup
[2.679s] [ext: omni.hydra.scene_delegate-0.3.4] startup
[2.687s] [ext: omni.usd-1.13.10] startup
[2.723s] [ext: omni.inspect-1.0.2] startup
[2.726s] [ext: omni.kit.notification_manager-1.0.10] startup
[2.729s] [ext: omni.graph.core-2.184.5] startup
[2.733s] [ext: isaacsim.core.deprecation_manager-0.2.7] startup
[2.734s] [ext: omni.anim.graph.schema-107.3.3] startup
[2.760s] [ext: omni.usd.schema.isaac-3.0.5] startup
[2.760s] [ext: omni.anim.navigation.schema-107.3.3] startup
[2.765s] [ext: omni.kit.asset_converter-5.0.17] startup
[2.784s] [ext: isaacsim.robot.schema-3.6.0] startup
[2.798s] [ext: omni.usd.schema.render_settings.rtx-0.0.0] startup
[2.799s] [ext: omni.kit.menu.core-1.1.2] startup
[2.800s] [ext: omni.kit.widget.path_field-2.0.11] startup
[2.801s] [ext: omni.kit.widget.context_menu-1.2.5] startup
[2.803s] [ext: omni.kit.widget.browser_bar-2.0.10] startup
[2.805s] [ext: omni.kit.clipboard-1.0.5] startup
[2.806s] [ext: omni.kit.numpy.common-0.1.3] startup
[2.809s] [ext: omni.kit.widget.options_menu-1.1.6] startup
[2.813s] [ext: omni.kit.helper.file_utils-0.1.9] startup
[2.816s] [ext: omni.ui.scene-1.11.5] startup
[2.823s] [ext: omni.kit.widget.options_button-1.0.3] startup
[2.824s] [ext: omni.kit.widget.filebrowser-2.12.3] startup
[2.831s] [ext: omni.kit.usd.layers-2.2.11] startup
[2.844s] [ext: omni.kit.window.filepicker-2.13.4] startup
[2.863s] [ext: omni.kit.hotkeys.core-1.3.10] startup
[2.868s] [ext: omni.kit.context_menu-1.8.6] startup
[2.871s] [ext: omni.kit.property.adapter.core-1.0.2] startup
[2.874s] [ext: omni.kit.window.file_exporter-1.0.33] startup
[2.878s] [ext: omni.kit.widget.searchfield-1.1.8] startup
[2.880s] [ext: omni.kit.widget.filter-1.1.4] startup
[2.881s] [ext: omni.kit.widget.graph-2.0.0] startup
[2.889s] [ext: omni.kit.widget.stage-3.1.4] startup
[2.905s] [ext: omni.kit.property.adapter.usd-1.0.2] startup
[2.907s] [ext: omni.kit.property.adapter.fabric-1.0.3] startup
[2.908s] [ext: omni.kit.graph.delegate.default-1.2.3] startup
[2.910s] [ext: omni.kit.window.file_importer-1.1.18] startup
[2.911s] [ext: omni.kit.stage_template.core-1.1.22] startup
[2.913s] [ext: omni.kit.menu.utils-2.0.5] startup
[2.920s] [ext: omni.kit.window.file-2.0.5] startup
[2.924s] [ext: omni.kit.widget.highlight_label-1.0.3] startup
[2.925s] [ext: omni.kit.window.drop_support-1.0.5] startup
[2.926s] [ext: omni.kit.window.content_browser_registry-0.0.6] startup
[2.927s] [ext: omni.kit.window.property-1.12.1] startup
[2.932s] [ext: omni.kit.window.content_browser-3.1.3] startup
[2.948s] [ext: isaacsim.core.version-2.0.6] startup
[2.949s] [ext: omni.kit.property.usd-4.5.12] startup
[2.965s] [ext: omni.kit.graph.editor.core-1.5.3] startup
[2.968s] [ext: omni.kit.material.library-2.0.7] startup
[2.976s] [ext: omni.kit.graph.usd.commands-1.3.1] startup
[2.977s] [ext: omni.kvdb-107.3.26] startup
[2.980s] [ext: omni.usdphysics-107.3.26] startup
[2.983s] [ext: omni.physx.foundation-107.3.26] startup
[2.987s] [ext: omni.localcache-107.3.26] startup
[2.989s] [ext: omni.convexdecomposition-107.3.26] startup
[2.994s] [ext: omni.physics-107.3.26] startup
[3.000s] [ext: omni.physx.cooking-107.3.26] startup
[3.005s] [ext: omni.physics.stageupdate-107.3.26] startup
[3.009s] [ext: omni.physx-107.3.26] startup
[3.025s] [ext: omni.index.libs-380600.8087.0] startup
[3.025s] [ext: omni.physics.physx-107.3.26] startup
2026-06-07T17:10:25Z [2,999ms] [Warning] [carb] Acquiring non optional plugin interface which is not listed as dependency: [omni::physx::IPhysxBenchmarks v1.0] (plugin: <default plugin>), by client: omni.physics.physx.plugin. Add it to CARB_PLUGIN_IMPL_DEPS() macro of a client.
[3.029s] [ext: omni.index-1.0.1] startup
[3.030s] [ext: omni.volume-0.5.2] startup
[3.035s] [ext: omni.ujitso.client-0.0.0] startup
[3.036s] [ext: omni.hydra.rtx.shadercache.vulkan-1.0.0] startup
[3.038s] [ext: omni.kit.widget.searchable_combobox-1.0.6] startup
[3.039s] [ext: omni.hydra.rtx-1.0.0] startup
2026-06-07T17:10:25Z [3,040ms] [Warning] [omni.log] Source: omni.hydra was already registered.
[3.094s] [ext: omni.kit.widget.settings-1.2.6] startup
[3.097s] [ext: omni.kit.hydra_texture-1.4.6] startup
[3.104s] [ext: omni.graph.tools-1.79.2] startup
[3.138s] [ext: omni.kit.window.preferences-1.8.0] startup
[3.146s] [ext: omni.kit.widget.material_preview-1.0.16] startup
[3.148s] [ext: omni.graph-1.141.2] startup
[3.209s] [ext: omni.kit.window.material_graph-1.9.1] startup
[3.222s] [ext: omni.isaac.dynamic_control-2.0.7] startup
2026-06-07T17:10:25Z [3,201ms] [Warning] [omni.isaac.dynamic_control] omni.isaac.dynamic_control is deprecated as of Isaac Sim 4.5. No action is needed from end-users.
[3.232s] [ext: isaacsim.storage.native-1.5.1] startup
[3.237s] [ext: omni.graph.scriptnode-1.50.0] startup
[3.240s] [ext: omni.hydra.engine.stats-1.0.3] startup
[3.247s] [ext: omni.kit.viewport.legacy_gizmos-1.0.19] startup
[3.254s] [ext: omni.kit.raycast.query-1.1.0] startup
[3.267s] [ext: omni.graph.action_core-1.1.7] startup
[3.275s] [ext: omni.kit.viewport.scene_camera_model-1.0.6] startup
[3.287s] [ext: omni.graph.image.core-0.6.1] startup
[3.289s] [ext: omni.kit.widget.viewport-107.1.3] startup
[3.295s] [ext: omni.kit.viewport.registry-104.0.6] startup
[3.298s] [ext: omni.usd.metrics.assembler-107.3.1] startup
[3.304s] [ext: omni.kit.viewport.window-107.2.0] startup
[3.334s] [ext: omni.kit.viewport.menubar.core-107.2.1] startup
[3.354s] [ext: omni.graph.image.nodes-1.3.1] startup
[3.356s] [ext: omni.usd.metrics.assembler.physics-107.3.26] startup
[3.358s] [ext: omni.warp.core-1.8.2] startup
[3.611s] [ext: omni.kit.viewport.utility-1.1.2] startup
[3.614s] [ext: omni.physics.tensors-107.3.26] startup
[3.624s] [ext: omni.syntheticdata-0.6.13] startup
[3.661s] [ext: isaacsim.test.docstring-1.1.0] startup
[3.678s] [ext: isaacsim.core.utils-3.5.1] startup
[3.696s] [ext: omni.physx.tensors-107.3.26] startup
[3.704s] [ext: omni.graph.nodes-1.170.10] startup
[3.719s] [ext: omni.graph.action_nodes-1.50.4] startup
[3.725s] [ext: omni.kit.primitive.mesh-1.0.17] startup
[3.737s] [ext: isaacsim.core.simulation_manager-1.4.4] startup
[5.835s] [ext: omni.graph.ui_nodes-1.50.5] startup
[5.843s] [ext: omni.graph.action-1.130.0] startup
[5.852s] [ext: omni.kit.stage_templates-2.0.0] startup
[5.866s] [ext: isaacsim.core.prims-0.6.1] startup
[5.910s] [ext: omni.warp-1.8.2] startup
[5.931s] [ext: omni.videoencoding-0.1.2] startup
[5.938s] [ext: isaacsim.core.api-4.8.0] startup
[5.975s] [ext: isaacsim.core.experimental.utils-0.3.0] startup
[5.982s] [ext: omni.replicator.core-1.12.27] startup
2026-06-07T17:10:28Z [6,002ms] [Warning] [pxr.Semantics] pxr.Semantics is deprecated - please use Semantics instead
2026-06-07T17:10:28Z [6,208ms] [Warning] [omni.graph.core.plugin] Found duplicate of category 'Replicator' - was 'Annotators', adding 'Fabric Reader'
2026-06-07T17:10:28Z [6,208ms] [Warning] [omni.graph.core.plugin] Category 'Replicator' not accepted on node type 'omni.replicator.core.FabricReader' in extension 'omni.replicator.core'
2026-06-07T17:10:28Z [6,210ms] [Warning] [omni.replicator.core.scripts.extension] No material configuration file, adding configuration to material settings directly.
[6.246s] [ext: isaacsim.core.experimental.prims-0.8.1] startup
[6.316s] [ext: omni.kit.window.extensions-1.4.27] startup
[6.339s] [ext: isaacsim.core.experimental.objects-0.4.0] startup
[6.366s] [ext: omni.ui_query-1.1.8] startup
[6.389s] [ext: omni.kit.manipulator.viewport-107.0.1] startup
[6.395s] [ext: isaacsim.robot.surface_gripper-3.3.1] startup
[6.407s] [ext: omni.kit.ui_test-1.3.7] startup
[6.418s] [ext: omni.graph.visualization.nodes-2.1.3] startup
[6.489s] [ext: isaacsim.robot_motion.lula-4.0.8] startup
[6.628s] [ext: isaacsim.core.nodes-3.4.3] startup
[6.656s] [ext: isaacsim.gui.components-1.2.1] startup
[6.791s] [ext: isaacsim.robot_motion.motion_generation-8.0.26] startup
[6.991s] [ext: isaacsim.robot.manipulators-3.3.6] startup
[7.075s] [ext: isaacsim.core.experimental.materials-0.4.0] startup
[7.285s] [ext: isaacsim.robot.manipulators.examples-1.1.2] startup
[7.309s] [ext: isaacsim.cortex.framework-1.0.12] startup
[7.328s] [ext: isaacsim.cortex.behaviors-2.0.14] startup
[7.337s] [ext: omni.isaac.cortex.sample_behaviors-2.0.5] startup
2026-06-07T17:10:29Z [7,314ms] [Warning] [omni.isaac.cortex] omni.isaac.cortex has been deprecated in favor of isaacsim.cortex.framework. Please update your code accordingly.
2026-06-07T17:10:29Z [7,314ms] [Warning] [omni.isaac.cortex.sample_behaviors] omni.isaac.cortex.sample_behaviors has been deprecated in favor of isaacsim.cortex.behaviors. Please update your code accordingly.
[7.346s] [ext: omni.kit.widget.zoombar-1.0.6] startup
[7.362s] [ext: isaacsim.gui.content_browser-0.1.11] startup
[7.374s] [ext: omni.kit.browser.core-2.3.13] startup
[7.391s] [ext: omni.kit.widget.stage_icons-1.0.8] startup
[7.396s] [ext: omni.kit.widget.prompt-1.0.7] startup
[7.403s] [ext: omni.kit.usd.collect-2.4.5] startup
[7.411s] [ext: omni.kit.browser.folder.core-1.10.9] startup
[7.442s] [ext: omni.kit.window.stage-2.6.1] startup
[7.456s] [ext: omni.kit.usdz_export-1.0.9] startup
[7.462s] [ext: omni.kit.tool.collect-2.2.18] startup
[7.475s] [ext: omni.kit.menu.stage-1.2.7] startup
[7.480s] [ext: omni.kit.tool.asset_importer-4.3.2] startup
[7.496s] [ext: isaacsim.robot.wheeled_robots-4.0.24] startup
[7.518s] [ext: isaacsim.examples.browser-0.2.1] startup
[7.529s] [ext: isaacsim.asset.importer.urdf-2.4.30] startup
[7.672s] [ext: omni.isaac.wheeled_robots-3.0.7] startup
2026-06-07T17:10:29Z [7,647ms] [Warning] [omni.isaac.wheeled_robots] omni.isaac.wheeled_robots has been deprecated in favor of isaacsim.robot.wheeled_robots. Please update your code accordingly.
2026-06-07T17:10:29Z [7,647ms] [Warning] [omni.isaac.wheeled_robots.controllers] omni.isaac.wheeled_robots has been deprecated in favor of isaacsim.robot.wheeled_robots. Please update your code accordingly.
2026-06-07T17:10:29Z [7,647ms] [Warning] [omni.isaac.wheeled_robots.controllers.ackermann_controller] omni.isaac.wheeled_robots has been deprecated in favor of isaacsim.robot.wheeled_robots. Please update your code accordingly.
2026-06-07T17:10:29Z [7,647ms] [Warning] [omni.isaac.wheeled_robots.controllers.differential_controller] omni.isaac.wheeled_robots has been deprecated in favor of isaacsim.robot.wheeled_robots. Please update your code accordingly.
2026-06-07T17:10:29Z [7,647ms] [Warning] [omni.isaac.wheeled_robots.controllers.holonomic_controller] omni.isaac.wheeled_robots has been deprecated in favor of isaacsim.robot.wheeled_robots. Please update your code accordingly.
2026-06-07T17:10:29Z [7,648ms] [Warning] [omni.isaac.wheeled_robots.controllers.quintic_path_planner] omni.isaac.wheeled_robots has been deprecated in favor of isaacsim.robot.wheeled_robots. Please update your code accordingly.
2026-06-07T17:10:29Z [7,648ms] [Warning] [omni.isaac.wheeled_robots.controllers.stanley_control] omni.isaac.wheeled_robots has been deprecated in favor of isaacsim.robot.wheeled_robots. Please update your code accordingly.
2026-06-07T17:10:29Z [7,648ms] [Warning] [omni.isaac.wheeled_robots.controllers.wheel_base_pose_controller] omni.isaac.wheeled_robots has been deprecated in favor of isaacsim.robot.wheeled_robots. Please update your code accordingly.
2026-06-07T17:10:29Z [7,648ms] [Warning] [omni.isaac.wheeled_robots.impl] omni.isaac.wheeled_robots has been deprecated in favor of isaacsim.robot.wheeled_robots. Please update your code accordingly.
2026-06-07T17:10:29Z [7,648ms] [Warning] [omni.isaac.wheeled_robots.robots] omni.isaac.wheeled_robots has been deprecated in favor of isaacsim.robot.wheeled_robots. Please update your code accordingly.
2026-06-07T17:10:29Z [7,649ms] [Warning] [omni.isaac.wheeled_robots.robots.holonomic_robot_usd_setup] omni.isaac.wheeled_robots has been deprecated in favor of isaacsim.robot.wheeled_robots. Please update your code accordingly.
2026-06-07T17:10:29Z [7,649ms] [Warning] [omni.isaac.wheeled_robots.robots.wheeled_robot] omni.isaac.wheeled_robots has been deprecated in favor of isaacsim.robot.wheeled_robots. Please update your code accordingly.
[7.678s] [ext: isaacsim.simulation_app-2.12.2] startup
[7.683s] [ext: omni.isaac.franka-1.0.7] startup
2026-06-07T17:10:29Z [7,655ms] [Warning] [omni.isaac.franka] omni.isaac.franka has been deprecated in favor of isaacsim.robot.manipulators.examples.franka. Please update your code accordingly.
2026-06-07T17:10:29Z [7,656ms] [Warning] [omni.isaac.franka.franka] omni.isaac.franka has been deprecated in favor of isaacsim.robot.manipulators.examples.franka. Please update your code accordingly.
2026-06-07T17:10:29Z [7,699ms] [Warning] [omni.isaac.franka.kinematics_solver] omni.isaac.franka has been deprecated in favor of isaacsim.robot.manipulators.examples.franka. Please update your code accordingly.
[7.729s] [ext: omni.isaac.kit-2.0.6] startup
2026-06-07T17:10:29Z [7,703ms] [Warning] [omni.isaac.kit] omni.isaac.kit has been deprecated in favor of isaacsim.simulation_app. Please update your code accordingly.
[7.733s] [ext: omni.kit.selection-0.1.6] startup
[7.736s] [ext: omni.isaac.lula-4.0.6] startup
2026-06-07T17:10:29Z [7,709ms] [Warning] [omni.isaac.lula] omni.isaac.lula has been deprecated in favor of isaacsim.robot_motion.lula. Please update your code accordingly.
[7.738s] [ext: isaacsim.robot_motion.lula_test_widget-1.0.12] startup
[7.743s] [ext: isaacsim.asset.browser-1.3.23] startup
[7.842s] [ext: omni.kit.viewport.actions-107.0.2] startup
[7.850s] [ext: isaacsim.gui.menu-2.4.4] startup
[7.860s] [ext: omni.isaac.manipulators-3.0.7] startup
2026-06-07T17:10:30Z [7,835ms] [Warning] [omni.isaac.manipulators] omni.isaac.manipulators has been deprecated in favor of isaacsim.robot.manipulators. Please update your code accordingly.
2026-06-07T17:10:30Z [7,835ms] [Warning] [omni.isaac.manipulators.controllers] omni.isaac.manipulators has been deprecated in favor of isaacsim.robot.manipulators. Please update your code accordingly.
2026-06-07T17:10:30Z [7,836ms] [Warning] [omni.isaac.manipulators.controllers.pick_place_controller] omni.isaac.manipulators has been deprecated in favor of isaacsim.robot.manipulators. Please update your code accordingly.
2026-06-07T17:10:30Z [7,839ms] [Warning] [omni.isaac.manipulators.controllers.stacking_controller] omni.isaac.manipulators has been deprecated in favor of isaacsim.robot.manipulators. Please update your code accordingly.
2026-06-07T17:10:30Z [7,839ms] [Warning] [omni.isaac.manipulators.grippers] omni.isaac.manipulators has been deprecated in favor of isaacsim.robot.manipulators. Please update your code accordingly.
2026-06-07T17:10:30Z [7,840ms] [Warning] [omni.isaac.manipulators.grippers.gripper] omni.isaac.manipulators has been deprecated in favor of isaacsim.robot.manipulators. Please update your code accordingly.
2026-06-07T17:10:30Z [7,840ms] [Warning] [omni.isaac.manipulators.grippers.parallel_gripper] omni.isaac.manipulators has been deprecated in favor of isaacsim.robot.manipulators. Please update your code accordingly.
2026-06-07T17:10:30Z [7,840ms] [Warning] [omni.isaac.manipulators.grippers.surface_gripper] omni.isaac.manipulators has been deprecated in favor of isaacsim.robot.manipulators. Please update your code accordingly.
2026-06-07T17:10:30Z [7,840ms] [Warning] [omni.isaac.manipulators.manipulators] omni.isaac.manipulators has been deprecated in favor of isaacsim.robot.manipulators. Please update your code accordingly.
2026-06-07T17:10:30Z [7,840ms] [Warning] [omni.isaac.manipulators.manipulators.single_manipulator] omni.isaac.manipulators has been deprecated in favor of isaacsim.robot.manipulators. Please update your code accordingly.
[7.870s] [ext: omni.isaac.lula_test_widget-1.0.6] startup
2026-06-07T17:10:30Z [7,844ms] [Warning] [omni.isaac.lula_test_widget] omni.isaac.lula_test_widget has been deprecated in favor of isaacsim.robot_motion.lula_test_widget. Please update your code accordingly.
[7.873s] [ext: omni.isaac.asset_browser-1.0.6] startup
2026-06-07T17:10:30Z [7,848ms] [Warning] [omni.isaac.asset_browser] omni.isaac.asset_browser has been deprecated in favor of isaacsim.asset.browser. Please update your code accordingly.
[7.878s] [ext: omni.kit.viewport.menubar.display-107.0.3] startup
[7.886s] [ext: omni.isaac.menu-1.0.6] startup
2026-06-07T17:10:30Z [7,862ms] [Warning] [omni.isaac.menu] omni.isaac.menu has been deprecated in favor of isaacsim.gui.menu. Please update your code accordingly.
[7.892s] [ext: omni.isaac.motion_generation-8.0.7] startup
2026-06-07T17:10:30Z [7,866ms] [Warning] [omni.isaac.motion_generation] omni.isaac.motion_generation has been deprecated in favor of isaacsim.robot_motion.motion_generation. Please update your code accordingly.
2026-06-07T17:10:30Z [7,866ms] [Warning] [omni.isaac.motion_generation.articulation_kinematics_solver] omni.isaac.motion_generation has been deprecated in favor of isaacsim.robot_motion.motion_generation. Please update your code accordingly.
2026-06-07T17:10:30Z [7,869ms] [Warning] [omni.isaac.motion_generation.articulation_motion_policy] omni.isaac.motion_generation has been deprecated in favor of isaacsim.robot_motion.motion_generation. Please update your code accordingly.
2026-06-07T17:10:30Z [7,869ms] [Warning] [omni.isaac.motion_generation.articulation_trajectory] omni.isaac.motion_generation has been deprecated in favor of isaacsim.robot_motion.motion_generation. Please update your code accordingly.
2026-06-07T17:10:30Z [7,869ms] [Warning] [omni.isaac.motion_generation.kinematics_interface] omni.isaac.motion_generation has been deprecated in favor of isaacsim.robot_motion.motion_generation. Please update your code accordingly.
2026-06-07T17:10:30Z [7,870ms] [Warning] [omni.isaac.motion_generation.lula] omni.isaac.motion_generation has been deprecated in favor of isaacsim.robot_motion.motion_generation. Please update your code accordingly.
2026-06-07T17:10:30Z [7,870ms] [Warning] [omni.isaac.motion_generation.lula.kinematics] omni.isaac.motion_generation has been deprecated in favor of isaacsim.robot_motion.motion_generation. Please update your code accordingly.
2026-06-07T17:10:30Z [7,870ms] [Warning] [omni.isaac.motion_generation.lula.motion_policies] omni.isaac.motion_generation has been deprecated in favor of isaacsim.robot_motion.motion_generation. Please update your code accordingly.
2026-06-07T17:10:30Z [7,870ms] [Warning] [omni.isaac.motion_generation.lula.path_planners] omni.isaac.motion_generation has been deprecated in favor of isaacsim.robot_motion.motion_generation. Please update your code accordingly.
2026-06-07T17:10:30Z [7,870ms] [Warning] [omni.isaac.motion_generation.lula.trajectory_generator] omni.isaac.motion_generation has been deprecated in favor of isaacsim.robot_motion.motion_generation. Please update your code accordingly.
2026-06-07T17:10:30Z [7,870ms] [Warning] [omni.isaac.motion_generation.motion_policy_controller] omni.isaac.motion_generation has been deprecated in favor of isaacsim.robot_motion.motion_generation. Please update your code accordingly.
2026-06-07T17:10:30Z [7,870ms] [Warning] [omni.isaac.motion_generation.motion_policy_interface] omni.isaac.motion_generation has been deprecated in favor of isaacsim.robot_motion.motion_generation. Please update your code accordingly.
2026-06-07T17:10:30Z [7,871ms] [Warning] [omni.isaac.motion_generation.path_planner_visualizer] omni.isaac.motion_generation has been deprecated in favor of isaacsim.robot_motion.motion_generation. Please update your code accordingly.
2026-06-07T17:10:30Z [7,871ms] [Warning] [omni.isaac.motion_generation.path_planning_interface] omni.isaac.motion_generation has been deprecated in favor of isaacsim.robot_motion.motion_generation. Please update your code accordingly.
2026-06-07T17:10:30Z [7,871ms] [Warning] [omni.isaac.motion_generation.trajectory] omni.isaac.motion_generation has been deprecated in favor of isaacsim.robot_motion.motion_generation. Please update your code accordingly.
2026-06-07T17:10:30Z [7,871ms] [Warning] [omni.isaac.motion_generation.world_interface] omni.isaac.motion_generation has been deprecated in favor of isaacsim.robot_motion.motion_generation. Please update your code accordingly.
[7.900s] [ext: omni.isaac.assets_check-0.3.13] startup
2026-06-07T17:10:30Z [7,872ms] [Warning] [omni.isaac.assets_check] omni.isaac.assets_check has been deprecated in favor of isaacsim.asset.browser. Please update your code accordingly.
[7.904s] [ext: isaacsim.gui.sensors.icon-2.0.3] startup
[7.927s] [ext: isaacsim.asset.importer.mjcf-2.5.13] startup
[7.937s] [ext: omni.sensors.nv.common-3.0.0] startup
[7.955s] [ext: isaacsim.sensors.physics-0.4.3] startup
[7.965s] [ext: omni.sensors.net-1.0.0] startup
[7.978s] [ext: omni.isaac.nucleus-1.0.6] startup
2026-06-07T17:10:30Z [7,950ms] [Warning] [omni.isaac.nucleus] omni.isaac.nucleus has been deprecated in favor of isaacsim.storage.native. Please update your code accordingly.
2026-06-07T17:10:30Z [7,950ms] [Warning] [omni.isaac.nucleus.nucleus] omni.isaac.nucleus.nucleus has been deprecated in favor of isaacsim.storage.native. Please update your code accordingly.
[7.980s] [ext: omni.sensors.nv.materials-2.0.0] startup
[7.994s] [ext: isaacsim.robot.policy.examples-4.1.11] startup
[7.996s] [ext: omni.sensors.nv.wpm-3.0.0] startup
[8.003s] [ext: omni.sensors.nv.lidar-3.0.0] startup
[8.014s] [ext: isaacsim.util.debug_draw-3.1.0] startup
[8.021s] [ext: omni.sensors.nv.radar-3.0.0] startup
[8.028s] [ext: omni.sensors.nv.ids-2.0.0] startup
[8.032s] [ext: isaacsim.core.cloner-1.4.10] startup
[8.036s] [ext: isaacsim.sensors.physx-2.3.2] startup
[8.046s] [ext: isaacsim.sensors.rtx-15.8.4] startup
[8.063s] [ext: isaacsim.sensors.camera-1.3.6] startup
[8.079s] [ext: omni.isaac.quadruped-3.0.7] startup
2026-06-07T17:10:30Z [8,054ms] [Warning] [omni.isaac.quadruped] omni.isaac.quadruped has been deprecated in favor of isaacsim.robot.policy.examples. Please update your code accordingly.
[8.084s] [ext: omni.isaac.cloner-1.0.7] startup
2026-06-07T17:10:30Z [8,062ms] [Warning] [omni.isaac.cloner] omni.isaac.cloner has been deprecated in favor of isaacsim.core.cloner. Please update your code accordingly.
[8.093s] [ext: omni.isaac.range_sensor-4.0.6] startup
2026-06-07T17:10:30Z [8,068ms] [Warning] [omni.isaac.range_sensor] omni.isaac.range_sensor has been deprecated in favor of isaacsim.sensors.physx. Please update your code accordingly.
2026-06-07T17:10:30Z [8,071ms] [Warning] [omni.isaac.range_sensor.commands] omni.isaac.range_sensor.commands has been deprecated in favor of isaacsim.sensors.physx.commands. Please update your code accordingly.
[8.101s] [ext: omni.isaac.sensor-13.0.7] startup
2026-06-07T17:10:30Z [8,078ms] [Warning] [omni.isaac.sensor] omni.isaac.sensor has been deprecated in favor of isaacsim.sensors.camera, isaacsim.sensors.physics, isaacsim.sensors.physx, and isaacsim.sensors.rtx. Please update your code accordingly.
2026-06-07T17:10:30Z [8,079ms] [Warning] [omni.isaac.sensor.camera] omni.isaac.sensor.camera has been deprecated in favor of isaacsim.sensors.camera.camera. Please update your code accordingly.
2026-06-07T17:10:30Z [8,079ms] [Warning] [omni.isaac.sensor.camera_view] omni.isaac.sensor.camera_view has been deprecated in favor of isaacsim.sensors.camera.camera_view. Please update your code accordingly.
2026-06-07T17:10:30Z [8,080ms] [Warning] [omni.isaac.sensor.commands] omni.isaac.sensor.commands has been deprecated in favor of isaacsim.sensors.physics.commands, isaacsim.sensors.physx.commands, and isaacsim.sensors.rtx.commands. Please update your code accordingly.
2026-06-07T17:10:30Z [8,083ms] [Warning] [omni.isaac.sensor.contact_sensor] omni.isaac.sensor.contact_sensor has been deprecated in favor of isaacsim.sensors.physics.contact_sensor. Please update your code accordingly.
2026-06-07T17:10:30Z [8,083ms] [Warning] [omni.isaac.sensor.imu_sensor] omni.isaac.sensor.imu_sensor has been deprecated in favor of isaacsim.sensors.physics.imu_sensor. Please update your code accordingly.
2026-06-07T17:10:30Z [8,083ms] [Warning] [omni.isaac.sensor.lidar_rtx] omni.isaac.sensor.lidar_rtx has been deprecated in favor of isaacsim.sensors.rtx.lidar_rtx. Please update your code accordingly.
2026-06-07T17:10:30Z [8,084ms] [Warning] [omni.isaac.sensor.rotating_lidar_physX] omni.isaac.sensor.imu_sensor has been deprecated in favor of isaacsim.sensors.physix.rotating_lidar_physX. Please update your code accordingly.
2026-06-07T17:10:30Z [8,085ms] [Warning] [omni.isaac.sensor.scripts.samples.contact_sensor] omni.isaac.sensor.scripts.samples.contact_sensor has been deprecated in favor of isaacsim.sensors.physics.scripts.samples.contact_sensor. Please update your code accordingly.
2026-06-07T17:10:30Z [8,085ms] [Warning] [omni.isaac.sensor.scripts.samples.imu_sensor] omni.isaac.sensor.scripts.samples.imu_sensor has been deprecated in favor of isaacsim.sensors.physics.scripts.samples.imu_sensor. Please update your code accordingly.
2026-06-07T17:10:30Z [8,085ms] [Warning] [omni.isaac.sensor.scripts.samples.lightbeam_sensor] omni.isaac.sensor.scripts.samples.lightbeam_sensor has been deprecated in favor of isaacsim.sensors.physx.scripts.samples.lightbeam_sensor. Please update your code accordingly.
[8.115s] [ext: omni.kit.menu.create-2.0.1] startup
[8.120s] [ext: omni.kit.widget.toolbar-2.0.1] startup
[8.145s] [ext: omni.kit.manipulator.transform-107.0.0] startup
[8.152s] [ext: omni.isaac.core-4.0.7] startup
2026-06-07T17:10:30Z [8,125ms] [Warning] [omni.isaac.core.physics_context.physics_context] omni.isaac.core.physics_context.physics_context has been deprecated in favor of isaacsim.core.api.physics_context.physics_context. Please update your code accordingly.
2026-06-07T17:10:30Z [8,125ms] [Warning] [omni.isaac.core.simulation_context.simulation_context] omni.isaac.core.simulation_context.simulation_context has been deprecated in favor of isaacsim.core.api.simulation_context.simulation_context. Please update your code accordingly.
2026-06-07T17:10:30Z [8,126ms] [Warning] [omni.isaac.core.world.world] omni.isaac.core.world.world has been deprecated in favor of isaacsim.core.api.world.world. Please update your code accordingly.
2026-06-07T17:10:30Z [8,126ms] [Warning] [omni.isaac.core] omni.isaac.core has been deprecated in favor of isaacsim.core.api. Please update your code accordingly.
[8.155s] [ext: omni.kit.scripting-107.3.2] startup
[8.165s] [ext: omni.kit.manipulator.tool.snap-1.5.13] startup
[8.174s] [ext: omni.kit.manipulator.selector-1.1.3] startup
[8.177s] [ext: isaacsim.app.about-2.0.11] startup
[8.187s] [ext: isaacsim.replicator.behavior-1.1.16] startup
[8.190s] [ext: omni.kit.viewport.manipulator.transform-107.0.4] startup
[8.194s] [ext: omni.isaac.window.about-2.0.7] startup
2026-06-07T17:10:30Z [8,168ms] [Warning] [omni.isaac.window.about] omni.isaac.window.about has been deprecated in favor of isaacsim.app.about. Please update your code accordingly.
2026-06-07T17:10:30Z [8,169ms] [Warning] [omni.isaac.window.about.about] omni.isaac.window.about.about has been deprecated in favor of isaacsim.app.about.about. Please update your code accordingly.
[8.198s] [ext: omni.fabric.commands-1.1.6] startup
[8.204s] [ext: omni.kit.manipulator.prim.core-107.0.8] startup
[8.215s] [ext: omni.kit.property.audio-1.0.16] startup
[8.219s] [ext: omni.kit.property.camera-1.0.10] startup
[8.223s] [ext: omni.kit.property.geometry-2.0.4] startup
[8.229s] [ext: omni.hydra.scene_api-0.1.2] startup
[8.238s] [ext: omni.kit.property.light-1.0.12] startup
[8.286s] [ext: omni.kit.manipulator.prim.fabric-107.0.4] startup
[8.291s] [ext: omni.kit.manipulator.prim.usd-107.0.3] startup
[8.294s] [ext: omni.kit.property.material-1.11.9] startup
[8.304s] [ext: omni.kit.property.render-1.2.1] startup
[8.307s] [ext: omni.kit.property.transform-1.5.13] startup
[8.314s] [ext: isaacsim.gui.property-1.1.3] startup
[8.319s] [ext: omni.kit.manipulator.camera-106.0.4] startup
[8.326s] [ext: omni.kit.manipulator.prim-107.0.0] startup
[8.327s] [ext: omni.isaac.surface_gripper-2.0.6] startup
2026-06-07T17:10:30Z [8,298ms] [Warning] [omni.isaac.surface_gripper] omni.isaac.surface_gripper has been deprecated in favor of isaacsim.robot.surface_gripper. Please update your code accordingly.
[8.328s] [ext: omni.kit.manipulator.selection-106.0.1] startup
[8.337s] [ext: omni.kit.property.bundle-1.4.1] startup
[8.339s] [ext: omni.kit.property.isaac-1.0.6] startup
2026-06-07T17:10:30Z [8,312ms] [Warning] [omni.kit.property.isaac] omni.kit.property.isaac has been deprecated in favor of isaacsim.gui.property. Please update your code accordingly.
2026-06-07T17:10:30Z [8,312ms] [Warning] [omni.kit.property.isaac.widgets] omni.kit.property.isaac.widgets has been deprecated in favor of isaacsim.gui.property.widgets. Please update your code accordingly.
[8.341s] [ext: omni.isaac.universal_robots-1.0.6] startup
2026-06-07T17:10:30Z [8,314ms] [Warning] [omni.isaac.universal_robots] omni.isaac.universal_robots has been deprecated in favor of isaacsim.robot.manipulators.examples.universal_robots. Please update your code accordingly.
2026-06-07T17:10:30Z [8,314ms] [Warning] [omni.isaac.universal_robots.kinematics_solver] omni.isaac.franka has been deprecated in favor of isaacsim.robot.manipulators.examples.universal_robots. Please update your code accordingly.
2026-06-07T17:10:30Z [8,315ms] [Warning] [omni.isaac.universal_robots.ur10] omni.isaac.franka has been deprecated in favor of isaacsim.robot.manipulators.examples.universal_robots. Please update your code accordingly.
[8.345s] [ext: omni.isaac.core_nodes-2.0.6] startup
2026-06-07T17:10:30Z [8,320ms] [Warning] [omni.isaac.core_nodes] omni.isaac.core_nodes has been deprecated in favor of isaacsim.core.nodes. Please update your code accordingly.
[8.350s] [ext: omni.kit.viewport.menubar.camera-107.0.6] startup
[8.365s] [ext: omni.kit.viewport.menubar.lighting-107.3.1] startup
[8.370s] [ext: isaacsim.replicator.writers-1.0.17] startup
[8.415s] [ext: omni.kit.viewport.menubar.render-107.0.10] startup
[8.425s] [ext: omni.kit.viewport.menubar.settings-107.0.3] startup
[8.443s] [ext: omni.kit.window.console-1.1.4] startup
[8.450s] [ext: isaacsim.replicator.domain_randomization-1.0.16] startup
[8.454s] [ext: isaacsim.replicator.examples-1.3.6] startup
[8.458s] [ext: omni.ocio-0.1.1] startup
[8.465s] [ext: omni.rtx.window.settings-0.6.19] startup
[8.482s] [ext: omni.kit.window.status_bar-0.1.9] startup
[8.494s] [ext: omni.kit.window.toolbar-2.0.0] startup
[8.510s] [ext: omni.replicator.isaac-2.0.8] startup
2026-06-07T17:10:30Z [8,482ms] [Warning] [omni.replicator.isaac] omni.replicator.isaac has been deprecated in favor of isaacsim.replicator.domain_randomization, isaacsim.replicator.examples, isaacsim.replicator.writers. Please update your code accordingly.
[8.512s] [ext: omni.replicator.replicator_yaml-2.0.11] startup
[8.540s] [ext: omni.rtx.settings.core-0.6.5] startup
[8.553s] [ext: omni.usd.metrics.assembler.ui-107.3.1] startup
[8.573s] [ext: omni.isaac.utils-2.0.6] startup
[8.576s] [ext: semantics.schema.editor-2.0.2] startup
[8.584s] [ext: omni.kit.ui.actions-1.0.5] startup
[8.588s] [ext: semantics.schema.property-2.0.1] startup
[8.591s] [ext: omni.isaac.version-2.0.7] startup
2026-06-07T17:10:30Z [8,564ms] [Warning] [omni.isaac.version] omni.isaac.version has been deprecated in favor of isaacsim.core.version. Please update your code accordingly.
[8.594s] [ext: omni.isaac.cortex-1.0.5] startup
[8.596s] [ext: omni.anim.curve.core-1.3.1] startup
[8.617s] [ext: isaacsim.core.throttling-2.2.2] startup
[8.622s] [ext: omni.kit.menu.common-2.0.1] startup
[8.628s] [ext: isaacsim.exp.base-5.1.0] startup
[8.629s] [ext: isaacsim.exp.base.python-5.1.0] startup
[8.632s] Simulation App Starting
2026-06-07T17:10:31Z [8,897ms] [Warning] [omni.fabric.plugin] Warning: attribute viewportHandle not found for bucket id 9

[8.993s] app ready
Starting kit application with the following args:  ['/data/maoting/miniconda3/envs/dexbench/lib/python3.11/site-packages/isaacsim/exts/isaacsim.simulation_app/isaacsim/simulation_app/simulation_app.py', '/data/maoting/miniconda3/envs/dexbench/lib/python3.11/site-packages/isaacsim/apps/isaacsim.exp.base.python.kit', '--/app/tokens/exe-path=/data/maoting/miniconda3/envs/dexbench/lib/python3.11/site-packages/isaacsim/kit', '--/persistent/app/viewport/displayOptions=3094', '--/rtx/materialDb/syncLoads=True', '--/rtx/hydra/materialSyncLoads=True', '--/omni.kit.plugin/syncUsdLoads=True', '--/app/renderer/resolution/width=1280', '--/app/renderer/resolution/height=720', '--/app/window/width=1440', '--/app/window/height=900', '--/renderer/multiGpu/enabled=True', '--/app/fastShutdown=True', '--/app/installSignalHandlers=0', '--ext-folder', '/data/maoting/miniconda3/envs/dexbench/lib/python3.11/site-packages/isaacsim/exts', '--ext-folder', '/data/maoting/miniconda3/envs/dexbench/lib/python3.11/site-packages/isaacsim/apps', '--/physics/cudaDevice=0', '--/plugins/carb.tasking.plugin/threadCount=32', '--/plugins/omni.tbb.globalcontrol/maxThreadCount=32', '--portable', '--no-window', '--/app/window/hideUi=1']
Passing the following args to the base kit application:  []
Warp 1.8.2 initialized:
   CUDA Toolkit 12.8, Driver 13.0
   Devices:
     "cpu"      : "x86_64"
     "cuda:0"   : "NVIDIA RTX 5880 Ada Generation" (47 GiB, sm_89, mempool enabled)
   Kernel cache:
     /data/maoting/.cache/warp/1.8.2
Warp DeprecationWarning: The `warp.sim` module is deprecated and will be removed in v1.10. Please transition to using the forthcoming Newton library instead.
[import] ok=True
[fk   ] 与 Isaac pen_tip 误差 = 0.00 mm
[ik   ] 位置残差: 最大=0.05mm 均值=0.02mm | 笔轴偏离竖直: 最大=0.57°
[rec  ] frame 0/260
[14.034s] Simulation App Startup Complete
2026-06-07T17:10:36Z [14,014ms] [Warning] [isaacsim.asset.importer.urdf] Creating Asset in an in-memory stage, will not create layered structure
2026-06-07T17:10:36Z [14,024ms] [Warning] [isaacsim.asset.importer.urdf] No mass specified for link base_link
2026-06-07T17:10:36Z [14,404ms] [Warning] [isaacsim.asset.importer.urdf] Link base_link has no colliders, and no inertia was imported; assigning a small isotropic inertia matrix
2026-06-07T17:10:36Z [14,405ms] [Warning] [isaacsim.asset.importer.urdf] No mass specified for link link_1
2026-06-07T17:10:36Z [14,547ms] [Warning] [isaacsim.asset.importer.urdf] Link link_1 has no colliders, and no inertia was imported; assigning a small isotropic inertia matrix
2026-06-07T17:10:36Z [14,551ms] [Warning] [isaacsim.asset.importer.urdf] No mass specified for link link_2
2026-06-07T17:10:36Z [14,655ms] [Warning] [isaacsim.asset.importer.urdf] Link link_2 has no colliders, and no inertia was imported; assigning a small isotropic inertia matrix
2026-06-07T17:10:36Z [14,659ms] [Warning] [isaacsim.asset.importer.urdf] No mass specified for link link_3
2026-06-07T17:10:37Z [15,173ms] [Warning] [isaacsim.asset.importer.urdf] Link link_3 has no colliders, and no inertia was imported; assigning a small isotropic inertia matrix
2026-06-07T17:10:37Z [15,177ms] [Warning] [isaacsim.asset.importer.urdf] No mass specified for link link_4
2026-06-07T17:10:37Z [15,395ms] [Warning] [isaacsim.asset.importer.urdf] Link link_4 has no colliders, and no inertia was imported; assigning a small isotropic inertia matrix
2026-06-07T17:10:37Z [15,399ms] [Warning] [isaacsim.asset.importer.urdf] No mass specified for link link_5
2026-06-07T17:10:37Z [15,416ms] [Warning] [isaacsim.asset.importer.urdf] Link link_5 has no colliders, and no inertia was imported; assigning a small isotropic inertia matrix
2026-06-07T17:10:37Z [15,421ms] [Warning] [isaacsim.asset.importer.urdf] No mass specified for link pen_tip
2026-06-07T17:10:37Z [15,421ms] [Warning] [omni.usd] Warning: in _ReportErrors at line 3172 of /builds/omniverse/usd-ci/USD/pxr/usd/usd/stage.cpp -- In </five_dof_arm/pen_tip/visuals>: Unresolved reference prim path @anon:0x59c10268da60:World0.usd@</visuals/pen_tip> introduced by @anon:0x59c10268da60:World0.usd@</five_dof_arm/pen_tip/visuals> (recomposing stage on stage @anon:0x59c10268da60:World0.usd@ <0x59c1027fd230>)

2026-06-07T17:10:37Z [15,421ms] [Warning] [omni.usd] Warning: in _ReportErrors at line 3172 of /builds/omniverse/usd-ci/USD/pxr/usd/usd/stage.cpp -- In </five_dof_arm/pen_tip/visuals>: Unresolved reference prim path @anon:0x59c10268da60:World0.usd@</visuals/pen_tip> introduced by @anon:0x59c10268da60:World0.usd@</five_dof_arm/pen_tip/visuals> (recomposing stage on stage @anon:0x59c10268da60:World0.usd@ <0x59c1027fd230>)

2026-06-07T17:10:37Z [15,421ms] [Warning] [isaacsim.asset.importer.urdf] Link pen_tip has no colliders, and no inertia was imported; assigning a small isotropic inertia matrix
2026-06-07T17:10:37Z [15,605ms] [Warning] [omni.fabric.plugin] getAttributeCount called on non-existent path /five_dof_arm/link_5/visuals/link_5/node_STL_BINARY_
2026-06-07T17:10:37Z [15,605ms] [Warning] [omni.fabric.plugin] getTypes called on non-existent path /five_dof_arm/link_5/visuals/link_5/node_STL_BINARY_
2026-06-07T17:10:43Z [21,270ms] [Warning] [isaacsim.sensors.camera.camera] 'verticalAperture' (1.5290800094604493) and 'horizontalAperture' (2.0954999923706055) are inconsistent with the pixel resolution aspect ratio (1.7777777777777777). Setting 'verticalAperture' to 1.1787187457084656 to ensure square pixels.
2026-06-07T17:10:44Z [22,724ms] [Warning] [omni.syntheticdata.plugin] OgnSdPostRenderVarToHost : rendervar copy from texture directly to host buffer is counter-performant. Please use copy from texture to device buffer first.
2026-06-07T17:10:46Z [24,155ms] [Warning] [carb] Client gpu.foundation.plugin has acquired [gpu::unstable::IMemoryBudgetManagerFactory v0.1] 100 times. Consider accessing this interface with carb::getCachedInterface() (Performance warning)
[rec  ] frame 30/260
[rec  ] frame 60/260
[rec  ] frame 90/260
[rec  ] frame 120/260
[rec  ] frame 150/260
[rec  ] frame 180/260
[rec  ] frame 210/260
[rec  ] frame 240/260
[done ] -> /data/maoting/Maze/arm_draw_maze.mp4
✓ 完成
[43.013s] Simulation App Shutting Down
